[debug] [2023-08-26T17:10:18.525Z] ----------------------------------------------------------------------
[debug] [2023-08-26T17:10:18.531Z] Command:       C:\Program Files\nodejs\node.exe C:\Users\MEGS\AppData\Roaming\npm\node_modules\firebase-tools\lib\bin\firebase.js init
[debug] [2023-08-26T17:10:18.532Z] CLI Version:   12.5.2
[debug] [2023-08-26T17:10:18.532Z] Platform:      win32
[debug] [2023-08-26T17:10:18.533Z] Node Version:  v16.17.0
[debug] [2023-08-26T17:10:18.535Z] Time:          Sat Aug 26 2023 13:10:18 GMT-0400 (Eastern Daylight Time)
[debug] [2023-08-26T17:10:18.535Z] ----------------------------------------------------------------------
[debug] 
[debug] [2023-08-26T17:10:18.544Z] >>> [apiv2][query] GET https://firebase-public.firebaseio.com/cli.json [none]
[debug] [2023-08-26T17:10:19.000Z] > command requires scopes: ["email","openid","https://www.googleapis.com/auth/cloudplatformprojects.readonly","https://www.googleapis.com/auth/firebase","https://www.googleapis.com/auth/cloud-platform"]
[debug] [2023-08-26T17:10:19.001Z] > authorizing via signed-in user (egbebuikechuks@gmail.com)
[info] 
     ######## #### ########  ######## ########     ###     ######  ########
     ##        ##  ##     ## ##       ##     ##  ##   ##  ##       ##
     ######    ##  ########  ######   ########  #########  ######  ######
     ##        ##  ##    ##  ##       ##     ## ##     ##       ## ##
     ##       #### ##     ## ######## ########  ##     ##  ######  ########

You're about to initialize a Firebase project in this directory:

  C:\Users\MEGS\OneDrive\Desktop\angular_tutorial\village-people

Before we get started, keep in mind:

  * You are initializing within an existing Firebase project directory

[debug] [2023-08-26T17:10:19.609Z] <<< [apiv2][status] GET https://firebase-public.firebaseio.com/cli.json 200
[debug] [2023-08-26T17:10:19.610Z] <<< [apiv2][body] GET https://firebase-public.firebaseio.com/cli.json {"cloudBuildErrorAfter":1594252800000,"cloudBuildWarnAfter":1590019200000,"defaultNode10After":1594252800000,"minVersion":"3.0.5","node8DeploysDisabledAfter":1613390400000,"node8RuntimeDisabledAfter":1615809600000,"node8WarnAfter":1600128000000}
[info] 
=== Project Setup
[info] 
[info] First, let's associate this project directory with a Firebase project.
[info] You can create multiple project aliases by running firebase use --add, 
[info] but for now we'll just set up a default project.
[info] 
[debug] [2023-08-26T17:10:43.987Z] Using project from CLI flag: village-people-v1
[debug] [2023-08-26T17:10:43.990Z] > refreshing access token with scopes: []
[debug] [2023-08-26T17:10:43.992Z] >>> [apiv2][query] POST https://www.googleapis.com/oauth2/v3/token [none]
[debug] [2023-08-26T17:10:43.992Z] >>> [apiv2][body] POST https://www.googleapis.com/oauth2/v3/token [omitted]
[debug] [2023-08-26T17:10:44.432Z] <<< [apiv2][status] POST https://www.googleapis.com/oauth2/v3/token 400
[debug] [2023-08-26T17:10:44.433Z] <<< [apiv2][body] POST https://www.googleapis.com/oauth2/v3/token [omitted]
[debug] [2023-08-26T17:10:44.434Z] >>> [apiv2][query] GET https://firebase.googleapis.com/v1beta1/projects/village-people-v1 [none]
[debug] [2023-08-26T17:10:44.854Z] <<< [apiv2][status] GET https://firebase.googleapis.com/v1beta1/projects/village-people-v1 401
[debug] [2023-08-26T17:10:44.855Z] <<< [apiv2][body] GET https://firebase.googleapis.com/v1beta1/projects/village-people-v1 {"error":{"code":401,"message":"Request had invalid authentication credentials. Expected OAuth 2 access token, login cookie or other valid authentication credential. See https://developers.google.com/identity/sign-in/web/devconsole-project.","status":"UNAUTHENTICATED"}}
[debug] [2023-08-26T17:10:44.856Z] HTTP Error: 401, Request had invalid authentication credentials. Expected OAuth 2 access token, login cookie or other valid authentication credential. See https://developers.google.com/identity/sign-in/web/devconsole-project.
[debug] [2023-08-26T17:10:45.325Z] FirebaseError: HTTP Error: 401, Request had invalid authentication credentials. Expected OAuth 2 access token, login cookie or other valid authentication credential. See https://developers.google.com/identity/sign-in/web/devconsole-project.
    at responseToError (C:\Users\MEGS\AppData\Roaming\npm\node_modules\firebase-tools\lib\responseToError.js:49:12)
    at RetryOperation._fn (C:\Users\MEGS\AppData\Roaming\npm\node_modules\firebase-tools\lib\apiv2.js:285:77)
    at processTicksAndRejections (node:internal/process/task_queues:96:5)
[error] 
[error] Error: Failed to get Firebase project village-people-v1. Please make sure the project exists and your account has permission to access it.
